\BOOKMARK [1][-]{section.1}{Introduction}{}% 1
\BOOKMARK [1][-]{section.2}{Related Work}{}% 2
\BOOKMARK [1][-]{section.3}{Preliminaries}{}% 3
\BOOKMARK [2][-]{subsection.3.1}{Poisson Surface Reconstruction}{section.3}% 4
\BOOKMARK [2][-]{subsection.3.2}{Sampling Lattices}{section.3}% 5
\BOOKMARK [2][-]{subsection.3.3}{Shift Invariant Spaces}{section.3}% 6
\BOOKMARK [2][-]{subsection.3.4}{Error Analysis}{section.3}% 7
\BOOKMARK [2][-]{subsection.3.5}{The Error Kernel}{section.3}% 8
\BOOKMARK [2][-]{subsection.3.6}{Approximation Error}{section.3}% 9
\BOOKMARK [2][-]{subsection.3.7}{Box Splines}{section.3}% 10
\BOOKMARK [2][-]{subsection.3.8}{Irregular Sampling}{section.3}% 11
\BOOKMARK [1][-]{section.4}{Approach}{}% 12
\BOOKMARK [2][-]{subsection.4.1}{Obtaining \(x\)}{section.4}% 13
\BOOKMARK [2][-]{subsection.4.2}{Divergence of \(x\)}{section.4}% 14
\BOOKMARK [3][-]{subsubsection.4.2.1}{Spaces Spanned by a Single Generating Function}{subsection.4.2}% 15
\BOOKMARK [3][-]{subsubsection.4.2.2}{Shifted Reconstruction Spaces}{subsection.4.2}% 16
\BOOKMARK [3][-]{subsubsection.4.2.3}{Four Direction Divergence on the BCC Lattice}{subsection.4.2}% 17
\BOOKMARK [1][-]{section.5}{Recovering the Indicator}{}% 18
\BOOKMARK [2][-]{subsection.5.1}{Extracting the Iso-Contour}{section.5}% 19
\BOOKMARK [1][-]{section.6}{Poisson's Equation}{}% 20
\BOOKMARK [2][-]{subsection.6.1}{Greens Function}{section.6}% 21
\BOOKMARK [2][-]{subsection.6.2}{Fourier Interpretation}{section.6}% 22
\BOOKMARK [2][-]{subsection.6.3}{Approximate Solution}{section.6}% 23
\BOOKMARK [2][-]{subsection.6.4}{Error Analysis}{section.6}% 24
\BOOKMARK [2][-]{subsection.6.5}{Relationship to the Galerkin method}{section.6}% 25
\BOOKMARK [1][-]{section.7}{Experiments}{}% 26
\BOOKMARK [2][-]{subsubsection.7.0.1}{Cartesian Lattice}{section.7}% 27
\BOOKMARK [3][-]{subsubsection.7.0.2}{BCC Lattice}{subsubsection.7.0.1}% 28
\BOOKMARK [3][-]{subsubsection.7.0.3}{Shifted Basis Functions}{subsubsection.7.0.1}% 29
\BOOKMARK [1][-]{section.8}{Results and Discussion}{}% 30
\BOOKMARK [2][-]{subsection.8.1}{Robustness}{section.8}% 31
\BOOKMARK [2][-]{subsection.8.2}{Complexity}{section.8}% 32
\BOOKMARK [2][-]{subsection.8.3}{Parameter Selection}{section.8}% 33
\BOOKMARK [1][-]{section.9}{Conclusion}{}% 34
\BOOKMARK [1][-]{section*.2}{References}{}% 35
